2019-02-26 08:56:46,326 [Worker-3: Loading available Gradle versions] INFO  o.e.b.c.i.u.g.PublishedGradleVersions - Gradle version information cache is not available. Remote download required.
2019-06-10 11:22:53,248 [Worker-3: Loading available Gradle versions] INFO  o.e.b.c.i.u.g.PublishedGradleVersions - Gradle version information cache is up-to-date. Trying to read.
2019-08-06 15:23:56,834 [Worker-5: Loading available Gradle versions] INFO  o.e.b.c.i.u.g.PublishedGradleVersions - Gradle version information cache is out-of-date. Trying to update.
2019-08-06 16:51:19,120 [Worker-21: Importing Maven projects] INFO  o.e.m.c.i.p.ProjectConfigurationManager - Imported and configured 1 project(s) in 7 sec
2019-08-06 16:51:26,809 [Worker-24: reload maven project] ERROR o.e.m.c.i.p.r.ProjectRegistryManager - Failed to read Maven project: 1 problem was encountered while building the effective model for br.com.pamcary:monitorTecnologiaApp:1.0
[FATAL] Non-resolvable parent POM for br.com.pamcary:monitorTecnologiaApp:1.0: Failure to transfer org.springframework.boot:spring-boot-starter-parent:pom:1.5.8.RELEASE from https://repo.maven.apache.org/maven2 was cached in the local repository, resolution will not be reattempted until the update interval of central has elapsed or updates are forced. Original error: Could not transfer artifact org.springframework.boot:spring-boot-starter-parent:pom:1.5.8.RELEASE from/to central (https://repo.maven.apache.org/maven2): Connect to repo.maven.apache.org:443 [repo.maven.apache.org/151.101.204.215] failed: Connection timed out: connect and 'parent.relativePath' points at no local POM @ line 13, column 10
 for project br.com.pamcary:monitorTecnologiaApp:1.0 at C:\Users\ronaldo\GPS-PAMCARY\Desenvolvimento\CODIGO_FONTE\monitorTecnologiaApp\pom.xml
org.apache.maven.project.ProjectBuildingException: 1 problem was encountered while building the effective model for br.com.pamcary:monitorTecnologiaApp:1.0
[FATAL] Non-resolvable parent POM for br.com.pamcary:monitorTecnologiaApp:1.0: Failure to transfer org.springframework.boot:spring-boot-starter-parent:pom:1.5.8.RELEASE from https://repo.maven.apache.org/maven2 was cached in the local repository, resolution will not be reattempted until the update interval of central has elapsed or updates are forced. Original error: Could not transfer artifact org.springframework.boot:spring-boot-starter-parent:pom:1.5.8.RELEASE from/to central (https://repo.maven.apache.org/maven2): Connect to repo.maven.apache.org:443 [repo.maven.apache.org/151.101.204.215] failed: Connection timed out: connect and 'parent.relativePath' points at no local POM @ line 13, column 10
 for project br.com.pamcary:monitorTecnologiaApp:1.0 at C:\Users\ronaldo\GPS-PAMCARY\Desenvolvimento\CODIGO_FONTE\monitorTecnologiaApp\pom.xml
	at org.apache.maven.project.DefaultProjectBuilder.build(DefaultProjectBuilder.java:165) ~[na:na]
	at org.apache.maven.project.DefaultProjectBuilder.build(DefaultProjectBuilder.java:116) ~[na:na]
	at org.eclipse.m2e.core.internal.embedder.MavenImpl.readMavenProject(MavenImpl.java:628) ~[na:na]
	at org.eclipse.m2e.core.internal.project.registry.ProjectRegistryManager.lambda$3(ProjectRegistryManager.java:808) ~[na:na]
	at org.eclipse.m2e.core.internal.embedder.MavenExecutionContext.executeBare(MavenExecutionContext.java:177) ~[na:na]
	at org.eclipse.m2e.core.internal.embedder.MavenExecutionContext.execute(MavenExecutionContext.java:151) ~[na:na]
	at org.eclipse.m2e.core.internal.embedder.MavenExecutionContext.execute(MavenExecutionContext.java:99) ~[na:na]
	at org.eclipse.m2e.core.internal.project.registry.ProjectRegistryManager.execute(ProjectRegistryManager.java:958) ~[na:na]
	at org.eclipse.m2e.core.internal.project.registry.ProjectRegistryManager.readProjectWithDependencies(ProjectRegistryManager.java:805) ~[na:na]
	at org.eclipse.m2e.core.internal.project.registry.ProjectRegistryManager.create(ProjectRegistryManager.java:192) ~[na:na]
	at org.eclipse.m2e.core.internal.project.registry.MavenProjectManager.create(MavenProjectManager.java:80) ~[na:na]
	at org.eclipse.m2e.core.ui.internal.actions.SelectionUtil.getMavenProject(SelectionUtil.java:259) ~[org.eclipse.m2e.core.ui_1.10.0.20181127-2120.jar:na]
	at org.eclipse.m2e.editor.pom.MavenPomEditor.readMavenProject(MavenPomEditor.java:740) ~[na:na]
	at org.eclipse.m2e.editor.pom.MavenPomEditor$5.run(MavenPomEditor.java:1074) ~[na:na]
	at org.eclipse.core.internal.jobs.Worker.run(Worker.java:63) ~[org.eclipse.core.jobs_3.10.200.v20180912-1356.jar:na]
Caused by: org.apache.maven.model.building.ModelBuildingException: 1 problem was encountered while building the effective model for br.com.pamcary:monitorTecnologiaApp:1.0
[FATAL] Non-resolvable parent POM for br.com.pamcary:monitorTecnologiaApp:1.0: Failure to transfer org.springframework.boot:spring-boot-starter-parent:pom:1.5.8.RELEASE from https://repo.maven.apache.org/maven2 was cached in the local repository, resolution will not be reattempted until the update interval of central has elapsed or updates are forced. Original error: Could not transfer artifact org.springframework.boot:spring-boot-starter-parent:pom:1.5.8.RELEASE from/to central (https://repo.maven.apache.org/maven2): Connect to repo.maven.apache.org:443 [repo.maven.apache.org/151.101.204.215] failed: Connection timed out: connect and 'parent.relativePath' points at no local POM @ line 13, column 10

	at org.apache.maven.model.building.DefaultModelProblemCollector.newModelBuildingException(DefaultModelProblemCollector.java:197) ~[na:na]
	at org.apache.maven.model.building.DefaultModelBuilder.readParentExternally(DefaultModelBuilder.java:1082) ~[na:na]
	at org.apache.maven.model.building.DefaultModelBuilder.readParent(DefaultModelBuilder.java:830) ~[na:na]
	at org.apache.maven.model.building.DefaultModelBuilder.build(DefaultModelBuilder.java:332) ~[na:na]
	at org.apache.maven.project.DefaultProjectBuilder.build(DefaultProjectBuilder.java:158) ~[na:na]
	... 14 common frames omitted
2019-08-06 16:53:45,248 [Worker-22: Updating Maven Project] INFO  o.e.m.c.i.p.ProjectConfigurationManager - Update started
2019-08-06 16:53:45,613 [Worker-22: Updating Maven Project] INFO  o.e.m.c.i.p.ProjectConfigurationManager - Update completed: 0 sec
2019-08-06 16:54:00,355 [Worker-22: Updating Maven Project] INFO  o.e.m.c.i.p.ProjectConfigurationManager - Update started
2019-08-06 16:55:41,544 [Worker-22: Updating Maven Project] INFO  o.e.m.c.i.e.AbstractTransferListenerAdapter - Downloaded https://repo.maven.apache.org/maven2/org/springframework/boot/spring-boot-starter-parent/1.5.8.RELEASE/spring-boot-starter-parent-1.5.8.RELEASE.pom
2019-08-06 16:55:41,656 [Worker-22: Updating Maven Project] INFO  o.e.m.c.i.p.ProjectConfigurationManager - Update completed: 101 sec
2019-08-06 17:01:15,255 [Worker-30: Updating Maven Project] INFO  o.e.m.c.i.p.ProjectConfigurationManager - Update started
2019-08-06 17:01:15,587 [Worker-30: Updating Maven Project] INFO  o.e.m.c.i.p.ProjectConfigurationManager - Update completed: 0 sec
2019-08-06 17:01:34,709 [Worker-28: Launching Executing clean in C__Users_ronaldo_GPS-PAMCARY_Desenvolvimento_CODIGO_FONTE_monitorTecnologiaApp] INFO  o.e.m.i.launch.MavenLaunchDelegate - C:\Users\ronaldo\GPS-PAMCARY\Desenvolvimento\CODIGO_FONTE\monitorTecnologiaApp
2019-08-06 17:01:34,712 [Worker-28: Launching Executing clean in C__Users_ronaldo_GPS-PAMCARY_Desenvolvimento_CODIGO_FONTE_monitorTecnologiaApp] INFO  o.e.m.i.launch.MavenLaunchDelegate -  mvn -B clean
2019-08-06 17:02:18,163 [Worker-28: Updating Maven Project] INFO  o.e.m.c.i.p.ProjectConfigurationManager - Update started
2019-08-06 17:03:58,482 [Worker-28: Updating Maven Project] INFO  o.e.m.c.i.e.AbstractTransferListenerAdapter - Downloaded https://repo.maven.apache.org/maven2/org/springframework/boot/spring-boot-starter-parent/1.5.8.RELEASE/spring-boot-starter-parent-1.5.8.RELEASE.pom
2019-08-06 17:03:58,570 [Worker-28: Updating Maven Project] INFO  o.e.m.c.i.p.ProjectConfigurationManager - Update completed: 100 sec
2019-08-07 08:59:32,566 [Worker-58: reload maven project] ERROR o.e.m.c.i.p.r.ProjectRegistryManager - Failed to read Maven project: 1 problem was encountered while building the effective model for br.com.pamcary:monitorTecnologiaApp:1.0
[FATAL] Non-resolvable parent POM for br.com.pamcary:monitorTecnologiaApp:1.0: Failure to transfer org.springframework.boot:spring-boot-starter-parent:pom:1.5.8.RELEASE from https://repo.maven.apache.org/maven2 was cached in the local repository, resolution will not be reattempted until the update interval of central has elapsed or updates are forced. Original error: Could not transfer artifact org.springframework.boot:spring-boot-starter-parent:pom:1.5.8.RELEASE from/to central (https://repo.maven.apache.org/maven2): connect timed out and 'parent.relativePath' points at no local POM @ line 13, column 10
 for project br.com.pamcary:monitorTecnologiaApp:1.0 at C:\Users\ronaldo\GPS-PAMCARY\Desenvolvimento\CODIGO_FONTE\monitorTecnologiaApp\pom.xml
org.apache.maven.project.ProjectBuildingException: 1 problem was encountered while building the effective model for br.com.pamcary:monitorTecnologiaApp:1.0
[FATAL] Non-resolvable parent POM for br.com.pamcary:monitorTecnologiaApp:1.0: Failure to transfer org.springframework.boot:spring-boot-starter-parent:pom:1.5.8.RELEASE from https://repo.maven.apache.org/maven2 was cached in the local repository, resolution will not be reattempted until the update interval of central has elapsed or updates are forced. Original error: Could not transfer artifact org.springframework.boot:spring-boot-starter-parent:pom:1.5.8.RELEASE from/to central (https://repo.maven.apache.org/maven2): connect timed out and 'parent.relativePath' points at no local POM @ line 13, column 10
 for project br.com.pamcary:monitorTecnologiaApp:1.0 at C:\Users\ronaldo\GPS-PAMCARY\Desenvolvimento\CODIGO_FONTE\monitorTecnologiaApp\pom.xml
	at org.apache.maven.project.DefaultProjectBuilder.build(DefaultProjectBuilder.java:165) ~[na:na]
	at org.apache.maven.project.DefaultProjectBuilder.build(DefaultProjectBuilder.java:116) ~[na:na]
	at org.eclipse.m2e.core.internal.embedder.MavenImpl.readMavenProject(MavenImpl.java:628) ~[na:na]
	at org.eclipse.m2e.core.internal.project.registry.ProjectRegistryManager.lambda$3(ProjectRegistryManager.java:808) ~[na:na]
	at org.eclipse.m2e.core.internal.embedder.MavenExecutionContext.executeBare(MavenExecutionContext.java:177) ~[na:na]
	at org.eclipse.m2e.core.internal.embedder.MavenExecutionContext.execute(MavenExecutionContext.java:151) ~[na:na]
	at org.eclipse.m2e.core.internal.embedder.MavenExecutionContext.execute(MavenExecutionContext.java:99) ~[na:na]
	at org.eclipse.m2e.core.internal.project.registry.ProjectRegistryManager.execute(ProjectRegistryManager.java:958) ~[na:na]
	at org.eclipse.m2e.core.internal.project.registry.ProjectRegistryManager.readProjectWithDependencies(ProjectRegistryManager.java:805) ~[na:na]
	at org.eclipse.m2e.core.internal.project.registry.ProjectRegistryManager.create(ProjectRegistryManager.java:192) ~[na:na]
	at org.eclipse.m2e.core.internal.project.registry.MavenProjectManager.create(MavenProjectManager.java:80) ~[na:na]
	at org.eclipse.m2e.core.ui.internal.actions.SelectionUtil.getMavenProject(SelectionUtil.java:259) ~[org.eclipse.m2e.core.ui_1.10.0.20181127-2120.jar:na]
	at org.eclipse.m2e.editor.pom.MavenPomEditor.readMavenProject(MavenPomEditor.java:740) ~[na:na]
	at org.eclipse.m2e.editor.pom.MavenPomEditor$5.run(MavenPomEditor.java:1074) ~[na:na]
	at org.eclipse.core.internal.jobs.Worker.run(Worker.java:63) ~[org.eclipse.core.jobs_3.10.200.v20180912-1356.jar:na]
Caused by: org.apache.maven.model.building.ModelBuildingException: 1 problem was encountered while building the effective model for br.com.pamcary:monitorTecnologiaApp:1.0
[FATAL] Non-resolvable parent POM for br.com.pamcary:monitorTecnologiaApp:1.0: Failure to transfer org.springframework.boot:spring-boot-starter-parent:pom:1.5.8.RELEASE from https://repo.maven.apache.org/maven2 was cached in the local repository, resolution will not be reattempted until the update interval of central has elapsed or updates are forced. Original error: Could not transfer artifact org.springframework.boot:spring-boot-starter-parent:pom:1.5.8.RELEASE from/to central (https://repo.maven.apache.org/maven2): connect timed out and 'parent.relativePath' points at no local POM @ line 13, column 10

	at org.apache.maven.model.building.DefaultModelProblemCollector.newModelBuildingException(DefaultModelProblemCollector.java:197) ~[na:na]
	at org.apache.maven.model.building.DefaultModelBuilder.readParentExternally(DefaultModelBuilder.java:1082) ~[na:na]
	at org.apache.maven.model.building.DefaultModelBuilder.readParent(DefaultModelBuilder.java:830) ~[na:na]
	at org.apache.maven.model.building.DefaultModelBuilder.build(DefaultModelBuilder.java:332) ~[na:na]
	at org.apache.maven.project.DefaultProjectBuilder.build(DefaultProjectBuilder.java:158) ~[na:na]
	... 14 common frames omitted
2019-08-07 09:08:42,518 [Worker-44: Building workspace] INFO  o.e.m.c.i.l.LifecycleMappingFactory - Using org.maven.ide.eclipse.wtp.WarLifecycleMapping lifecycle mapping for MavenProject: br.com.pamcary:monitorTecnologiaApp:1.0 @ C:\Users\ronaldo\GPS-PAMCARY\Desenvolvimento\CODIGO_FONTE\monitorTecnologiaApp\pom.xml.
2019-08-07 09:08:59,481 [Worker-44: Building workspace] INFO  o.e.m.c.i.embedder.EclipseLogger - Using 'UTF-8' encoding to copy filtered resources.
2019-08-07 09:08:59,528 [Worker-44: Building workspace] INFO  o.e.m.c.i.embedder.EclipseLogger - Copying 1 resource
2019-08-07 09:08:59,578 [Worker-44: Building workspace] INFO  o.e.m.c.i.embedder.EclipseLogger - Copying 2 resources
2019-08-07 09:08:59,624 [Worker-44: Building workspace] INFO  o.e.m.c.i.embedder.EclipseLogger - Using 'UTF-8' encoding to copy filtered resources.
2019-08-07 09:08:59,625 [Worker-44: Building workspace] INFO  o.e.m.c.i.embedder.EclipseLogger - skip non existing resourceDirectory C:\Users\ronaldo\GPS-PAMCARY\Desenvolvimento\CODIGO_FONTE\monitorTecnologiaApp\src\test\resources
2019-08-07 09:09:07,260 [Worker-44: Building workspace] INFO  o.e.m.c.i.embedder.EclipseLogger - Configured Artifact: com.github.jsimone:webapp-runner:8.5.27.0:jar
2019-08-07 09:09:07,330 [Worker-44: Building workspace] INFO  o.e.m.c.i.embedder.EclipseLogger - com.github.jsimone:webapp-runner:8.5.27.0:jar already exists in C:\Users\ronaldo\GPS-PAMCARY\Desenvolvimento\CODIGO_FONTE\monitorTecnologiaApp\target\dependency
2019-08-07 09:09:07,615 [Worker-44: Updating Maven Project] INFO  o.e.m.c.i.p.ProjectConfigurationManager - Update started
2019-08-07 09:09:10,243 [Worker-44: Updating Maven Project] INFO  o.e.m.c.i.l.LifecycleMappingFactory - Using org.maven.ide.eclipse.wtp.WarLifecycleMapping lifecycle mapping for MavenProject: br.com.pamcary:monitorTecnologiaApp:1.0 @ C:\Users\ronaldo\GPS-PAMCARY\Desenvolvimento\CODIGO_FONTE\monitorTecnologiaApp\pom.xml.
2019-08-07 09:09:14,867 [Worker-44: Updating Maven Project] INFO  o.e.m.j.i.AbstractJavaProjectConfigurator - Adding source folder /monitorTecnologiaApp/src/main/java
2019-08-07 09:09:14,870 [Worker-44: Updating Maven Project] INFO  o.e.m.j.i.AbstractJavaProjectConfigurator - Adding resource folder /monitorTecnologiaApp/src/main/resources
2019-08-07 09:09:14,872 [Worker-44: Updating Maven Project] INFO  o.e.m.j.i.AbstractJavaProjectConfigurator - Adding resource folder /monitorTecnologiaApp/src/main/resources
2019-08-07 09:09:14,874 [Worker-44: Updating Maven Project] INFO  o.e.m.j.i.AbstractJavaProjectConfigurator - Adding source folder /monitorTecnologiaApp/src/test/java
2019-08-07 09:09:17,267 [Worker-44: Updating Maven Project] ERROR o.e.m2e.wtp.WTPProjectConfigurator - Unable to configure monitorTecnologiaApp
org.eclipse.m2e.wtp.MarkedException: Unable to configure monitorTecnologiaApp
	at org.eclipse.m2e.wtp.AbstractProjectConfiguratorDelegate.configureProject(AbstractProjectConfiguratorDelegate.java:99) ~[na:na]
	at org.eclipse.m2e.wtp.WTPProjectConfigurator.configure(WTPProjectConfigurator.java:68) ~[na:na]
	at org.eclipse.m2e.core.project.configurator.AbstractLifecycleMapping.configure(AbstractLifecycleMapping.java:120) ~[na:na]
	at org.eclipse.m2e.core.internal.project.ProjectConfigurationManager$3.call(ProjectConfigurationManager.java:508) ~[na:na]
	at org.eclipse.m2e.core.internal.project.ProjectConfigurationManager$3.call(ProjectConfigurationManager.java:1) ~[na:na]
	at org.eclipse.m2e.core.internal.embedder.MavenExecutionContext.executeBare(MavenExecutionContext.java:177) ~[na:na]
	at org.eclipse.m2e.core.internal.embedder.MavenExecutionContext.execute(MavenExecutionContext.java:151) ~[na:na]
	at org.eclipse.m2e.core.internal.project.ProjectConfigurationManager.updateProjectConfiguration(ProjectConfigurationManager.java:501) ~[na:na]
	at org.eclipse.m2e.core.internal.project.ProjectConfigurationManager.updateProjectConfiguration0(ProjectConfigurationManager.java:439) ~[na:na]
	at org.eclipse.m2e.core.internal.project.ProjectConfigurationManager$2.call(ProjectConfigurationManager.java:352) ~[na:na]
	at org.eclipse.m2e.core.internal.project.ProjectConfigurationManager$2.call(ProjectConfigurationManager.java:1) ~[na:na]
	at org.eclipse.m2e.core.internal.embedder.MavenExecutionContext.executeBare(MavenExecutionContext.java:177) ~[na:na]
	at org.eclipse.m2e.core.internal.embedder.MavenExecutionContext.execute(MavenExecutionContext.java:151) ~[na:na]
	at org.eclipse.m2e.core.internal.embedder.MavenExecutionContext.execute(MavenExecutionContext.java:99) ~[na:na]
	at org.eclipse.m2e.core.internal.embedder.MavenImpl.execute(MavenImpl.java:1332) ~[na:na]
	at org.eclipse.m2e.core.internal.project.ProjectConfigurationManager.updateProjectConfiguration(ProjectConfigurationManager.java:349) ~[na:na]
	at org.eclipse.m2e.core.ui.internal.UpdateMavenProjectJob.runInWorkspace(UpdateMavenProjectJob.java:77) ~[org.eclipse.m2e.core.ui_1.10.0.20181127-2120.jar:na]
	at org.eclipse.core.internal.resources.InternalWorkspaceJob.run(InternalWorkspaceJob.java:42) ~[na:na]
	at org.eclipse.core.internal.jobs.Worker.run(Worker.java:63) ~[org.eclipse.core.jobs_3.10.200.v20180912-1356.jar:na]
Caused by: org.eclipse.core.runtime.CoreException: One or more constraints have not been satisfied.
	at org.eclipse.wst.common.project.facet.core.internal.FacetedProject.modifyInternal(FacetedProject.java:363) ~[na:na]
	at org.eclipse.wst.common.project.facet.core.internal.FacetedProject.mergeChangesInternal(FacetedProject.java:1181) ~[na:na]
	at org.eclipse.wst.common.project.facet.core.internal.FacetedProject.access$2(FacetedProject.java:1117) ~[na:na]
	at org.eclipse.wst.common.project.facet.core.internal.FacetedProject$1.run(FacetedProject.java:324) ~[na:na]
	at org.eclipse.core.internal.resources.Workspace.run(Workspace.java:2295) ~[na:na]
	at org.eclipse.core.internal.resources.Workspace.run(Workspace.java:2322) ~[na:na]
	at org.eclipse.wst.common.project.facet.core.internal.FacetedProject.modify(FacetedProject.java:339) ~[na:na]
	at org.eclipse.m2e.wtp.WebProjectConfiguratorDelegate.configure(WebProjectConfiguratorDelegate.java:136) ~[na:na]
	at org.eclipse.m2e.wtp.AbstractProjectConfiguratorDelegate.configureProject(AbstractProjectConfiguratorDelegate.java:95) ~[na:na]
	... 18 common frames omitted
2019-08-07 09:09:43,565 [Worker-44: Updating Maven Project] INFO  o.e.m.w.i.f.ResourceFilteringBuildParticipant - Cleaning filtered folder for monitorTecnologiaApp
2019-08-07 09:09:43,698 [Worker-44: Updating Maven Project] INFO  o.e.m.c.i.p.ProjectConfigurationManager - Update completed: 36 sec
2019-08-07 09:09:52,001 [Worker-65: Building workspace] INFO  o.e.m.c.i.embedder.EclipseLogger - Using 'UTF-8' encoding to copy filtered resources.
2019-08-07 09:09:52,005 [Worker-65: Building workspace] INFO  o.e.m.c.i.embedder.EclipseLogger - Copying 1 resource
2019-08-07 09:09:52,087 [Worker-65: Building workspace] INFO  o.e.m.c.i.embedder.EclipseLogger - Copying 2 resources
2019-08-07 09:09:52,137 [Worker-65: Building workspace] INFO  o.e.m.c.i.embedder.EclipseLogger - Using 'UTF-8' encoding to copy filtered resources.
2019-08-07 09:09:52,144 [Worker-65: Building workspace] INFO  o.e.m.c.i.embedder.EclipseLogger - skip non existing resourceDirectory C:\Users\ronaldo\GPS-PAMCARY\Desenvolvimento\CODIGO_FONTE\monitorTecnologiaApp\src\test\resources
2019-08-07 09:09:52,145 [Worker-65: Building workspace] INFO  o.e.m.w.i.f.ResourceFilteringBuildParticipant - Changed resources require a complete clean of filtered resources of monitorTecnologiaApp
2019-08-07 09:09:52,149 [Worker-65: Building workspace] INFO  o.e.m.w.i.f.ResourceFilteringBuildParticipant - Executing resource filtering for monitorTecnologiaApp
2019-08-07 09:09:52,179 [Worker-65: Building workspace] INFO  o.e.m.c.i.embedder.EclipseLogger - Using 'UTF-8' encoding to copy filtered resources.
2019-08-07 09:09:57,042 [Worker-65: Building workspace] INFO  o.e.m.c.i.embedder.EclipseLogger - Configured Artifact: com.github.jsimone:webapp-runner:8.5.27.0:jar
2019-08-07 09:09:57,055 [Worker-65: Building workspace] INFO  o.e.m.c.i.embedder.EclipseLogger - com.github.jsimone:webapp-runner:8.5.27.0:jar already exists in C:\Users\ronaldo\GPS-PAMCARY\Desenvolvimento\CODIGO_FONTE\monitorTecnologiaApp\target\dependency
2019-08-07 09:10:09,994 [Worker-65: Launching Executing clean in C__Users_ronaldo_GPS-PAMCARY_Desenvolvimento_CODIGO_FONTE_monitorTecnologiaApp] INFO  o.e.m.i.launch.MavenLaunchDelegate - C:\Users\ronaldo\GPS-PAMCARY\Desenvolvimento\CODIGO_FONTE\monitorTecnologiaApp
2019-08-07 09:10:09,994 [Worker-65: Launching Executing clean in C__Users_ronaldo_GPS-PAMCARY_Desenvolvimento_CODIGO_FONTE_monitorTecnologiaApp] INFO  o.e.m.i.launch.MavenLaunchDelegate -  mvn -B -s C:\maven\settings.xml clean
2019-08-07 09:10:22,728 [Worker-64: Building workspace] INFO  o.e.m.c.i.embedder.EclipseLogger - Using 'UTF-8' encoding to copy filtered resources.
2019-08-07 09:10:22,745 [Worker-64: Building workspace] INFO  o.e.m.c.i.embedder.EclipseLogger - Copying 1 resource
2019-08-07 09:10:22,768 [Worker-64: Building workspace] INFO  o.e.m.c.i.embedder.EclipseLogger - Copying 2 resources
2019-08-07 09:10:22,806 [Worker-64: Building workspace] INFO  o.e.m.c.i.embedder.EclipseLogger - Using 'UTF-8' encoding to copy filtered resources.
2019-08-07 09:10:22,807 [Worker-64: Building workspace] INFO  o.e.m.c.i.embedder.EclipseLogger - skip non existing resourceDirectory C:\Users\ronaldo\GPS-PAMCARY\Desenvolvimento\CODIGO_FONTE\monitorTecnologiaApp\src\test\resources
2019-08-07 09:10:22,809 [Worker-64: Building workspace] INFO  o.e.m.w.i.f.ResourceFilteringBuildParticipant - Changed resources require a complete clean of filtered resources of monitorTecnologiaApp
2019-08-07 09:10:22,809 [Worker-64: Building workspace] INFO  o.e.m.w.i.f.ResourceFilteringBuildParticipant - Executing resource filtering for monitorTecnologiaApp
2019-08-07 09:10:22,827 [Worker-64: Building workspace] INFO  o.e.m.c.i.embedder.EclipseLogger - Using 'UTF-8' encoding to copy filtered resources.
2019-08-08 09:44:34,921 [Worker-99: Building workspace] INFO  o.e.m.c.i.embedder.EclipseLogger - Using 'UTF-8' encoding to copy filtered resources.
2019-08-08 09:44:34,929 [Worker-99: Building workspace] INFO  o.e.m.c.i.embedder.EclipseLogger - Copying 1 resource
2019-08-08 09:44:34,940 [Worker-99: Building workspace] INFO  o.e.m.c.i.embedder.EclipseLogger - Copying 2 resources
2019-08-08 09:44:34,950 [Worker-99: Building workspace] INFO  o.e.m.c.i.embedder.EclipseLogger - Using 'UTF-8' encoding to copy filtered resources.
2019-08-08 09:44:34,951 [Worker-99: Building workspace] INFO  o.e.m.c.i.embedder.EclipseLogger - skip non existing resourceDirectory C:\Users\ronaldo\GPS-PAMCARY\Desenvolvimento\CODIGO_FONTE\monitorTecnologiaApp\src\test\resources
2019-08-08 09:46:22,339 [Worker-104: Building workspace] INFO  o.e.m.c.i.embedder.EclipseLogger - Using 'UTF-8' encoding to copy filtered resources.
2019-08-08 09:46:22,348 [Worker-104: Building workspace] INFO  o.e.m.c.i.embedder.EclipseLogger - Copying 1 resource
2019-08-08 09:46:22,369 [Worker-104: Building workspace] INFO  o.e.m.c.i.embedder.EclipseLogger - Copying 2 resources
2019-08-08 09:46:22,385 [Worker-104: Building workspace] INFO  o.e.m.c.i.embedder.EclipseLogger - Using 'UTF-8' encoding to copy filtered resources.
2019-08-08 09:46:22,386 [Worker-104: Building workspace] INFO  o.e.m.c.i.embedder.EclipseLogger - skip non existing resourceDirectory C:\Users\ronaldo\GPS-PAMCARY\Desenvolvimento\CODIGO_FONTE\monitorTecnologiaApp\src\test\resources
2019-08-08 09:46:33,663 [Worker-89: Building workspace] INFO  o.e.m.c.i.embedder.EclipseLogger - Using 'UTF-8' encoding to copy filtered resources.
2019-08-08 09:46:33,671 [Worker-89: Building workspace] INFO  o.e.m.c.i.embedder.EclipseLogger - Copying 1 resource
2019-08-08 09:46:33,682 [Worker-89: Building workspace] INFO  o.e.m.c.i.embedder.EclipseLogger - Copying 2 resources
2019-08-08 09:46:33,691 [Worker-89: Building workspace] INFO  o.e.m.c.i.embedder.EclipseLogger - Using 'UTF-8' encoding to copy filtered resources.
2019-08-08 09:46:33,691 [Worker-89: Building workspace] INFO  o.e.m.c.i.embedder.EclipseLogger - skip non existing resourceDirectory C:\Users\ronaldo\GPS-PAMCARY\Desenvolvimento\CODIGO_FONTE\monitorTecnologiaApp\src\test\resources
2019-08-08 11:03:16,512 [Worker-89: Building workspace] INFO  o.e.m.c.i.embedder.EclipseLogger - Using 'UTF-8' encoding to copy filtered resources.
2019-08-08 11:03:16,525 [Worker-89: Building workspace] INFO  o.e.m.c.i.embedder.EclipseLogger - Copying 1 resource
2019-08-08 11:03:16,564 [Worker-89: Building workspace] INFO  o.e.m.c.i.embedder.EclipseLogger - Copying 2 resources
2019-08-08 11:03:16,577 [Worker-89: Building workspace] INFO  o.e.m.c.i.embedder.EclipseLogger - Using 'UTF-8' encoding to copy filtered resources.
2019-08-08 11:03:16,578 [Worker-89: Building workspace] INFO  o.e.m.c.i.embedder.EclipseLogger - skip non existing resourceDirectory C:\Users\ronaldo\GPS-PAMCARY\Desenvolvimento\CODIGO_FONTE\monitorTecnologiaApp\src\test\resources
2019-08-08 11:05:30,378 [Worker-108: Building workspace] INFO  o.e.m.c.i.embedder.EclipseLogger - Using 'UTF-8' encoding to copy filtered resources.
2019-08-08 11:05:30,386 [Worker-108: Building workspace] INFO  o.e.m.c.i.embedder.EclipseLogger - Copying 1 resource
2019-08-08 11:05:30,412 [Worker-108: Building workspace] INFO  o.e.m.c.i.embedder.EclipseLogger - Copying 2 resources
2019-08-08 11:05:30,430 [Worker-108: Building workspace] INFO  o.e.m.c.i.embedder.EclipseLogger - Using 'UTF-8' encoding to copy filtered resources.
2019-08-08 11:05:30,431 [Worker-108: Building workspace] INFO  o.e.m.c.i.embedder.EclipseLogger - skip non existing resourceDirectory C:\Users\ronaldo\GPS-PAMCARY\Desenvolvimento\CODIGO_FONTE\monitorTecnologiaApp\src\test\resources
2019-08-08 11:07:38,007 [Worker-111: Building workspace] INFO  o.e.m.c.i.embedder.EclipseLogger - Using 'UTF-8' encoding to copy filtered resources.
2019-08-08 11:07:38,013 [Worker-111: Building workspace] INFO  o.e.m.c.i.embedder.EclipseLogger - Copying 1 resource
2019-08-08 11:07:38,030 [Worker-111: Building workspace] INFO  o.e.m.c.i.embedder.EclipseLogger - Copying 2 resources
2019-08-08 11:07:38,040 [Worker-111: Building workspace] INFO  o.e.m.c.i.embedder.EclipseLogger - Using 'UTF-8' encoding to copy filtered resources.
2019-08-08 11:07:38,041 [Worker-111: Building workspace] INFO  o.e.m.c.i.embedder.EclipseLogger - skip non existing resourceDirectory C:\Users\ronaldo\GPS-PAMCARY\Desenvolvimento\CODIGO_FONTE\monitorTecnologiaApp\src\test\resources
2019-08-08 11:31:46,438 [Worker-110: Building workspace] INFO  o.e.m.c.i.embedder.EclipseLogger - Using 'UTF-8' encoding to copy filtered resources.
2019-08-08 11:31:46,446 [Worker-110: Building workspace] INFO  o.e.m.c.i.embedder.EclipseLogger - Copying 1 resource
2019-08-08 11:31:46,467 [Worker-110: Building workspace] INFO  o.e.m.c.i.embedder.EclipseLogger - Copying 2 resources
2019-08-08 11:31:46,476 [Worker-110: Building workspace] INFO  o.e.m.c.i.embedder.EclipseLogger - Using 'UTF-8' encoding to copy filtered resources.
2019-08-08 11:31:46,476 [Worker-110: Building workspace] INFO  o.e.m.c.i.embedder.EclipseLogger - skip non existing resourceDirectory C:\Users\ronaldo\GPS-PAMCARY\Desenvolvimento\CODIGO_FONTE\monitorTecnologiaApp\src\test\resources
2019-08-08 11:33:16,391 [Worker-108: Building workspace] INFO  o.e.m.c.i.embedder.EclipseLogger - Using 'UTF-8' encoding to copy filtered resources.
2019-08-08 11:33:16,397 [Worker-108: Building workspace] INFO  o.e.m.c.i.embedder.EclipseLogger - Copying 1 resource
2019-08-08 11:33:16,412 [Worker-108: Building workspace] INFO  o.e.m.c.i.embedder.EclipseLogger - Copying 2 resources
2019-08-08 11:33:16,418 [Worker-108: Building workspace] INFO  o.e.m.c.i.embedder.EclipseLogger - Using 'UTF-8' encoding to copy filtered resources.
2019-08-08 11:33:16,419 [Worker-108: Building workspace] INFO  o.e.m.c.i.embedder.EclipseLogger - skip non existing resourceDirectory C:\Users\ronaldo\GPS-PAMCARY\Desenvolvimento\CODIGO_FONTE\monitorTecnologiaApp\src\test\resources
2019-08-08 13:14:59,012 [Worker-114: Building workspace] INFO  o.e.m.c.i.embedder.EclipseLogger - Using 'UTF-8' encoding to copy filtered resources.
2019-08-08 13:14:59,020 [Worker-114: Building workspace] INFO  o.e.m.c.i.embedder.EclipseLogger - Copying 1 resource
2019-08-08 13:14:59,041 [Worker-114: Building workspace] INFO  o.e.m.c.i.embedder.EclipseLogger - Copying 2 resources
2019-08-08 13:14:59,052 [Worker-114: Building workspace] INFO  o.e.m.c.i.embedder.EclipseLogger - Using 'UTF-8' encoding to copy filtered resources.
2019-08-08 13:14:59,053 [Worker-114: Building workspace] INFO  o.e.m.c.i.embedder.EclipseLogger - skip non existing resourceDirectory C:\Users\ronaldo\GPS-PAMCARY\Desenvolvimento\CODIGO_FONTE\monitorTecnologiaApp\src\test\resources
2019-08-08 13:15:59,567 [Worker-118: Building workspace] INFO  o.e.m.c.i.embedder.EclipseLogger - Using 'UTF-8' encoding to copy filtered resources.
2019-08-08 13:15:59,575 [Worker-118: Building workspace] INFO  o.e.m.c.i.embedder.EclipseLogger - Copying 1 resource
2019-08-08 13:15:59,603 [Worker-118: Building workspace] INFO  o.e.m.c.i.embedder.EclipseLogger - Copying 2 resources
2019-08-08 13:15:59,613 [Worker-118: Building workspace] INFO  o.e.m.c.i.embedder.EclipseLogger - Using 'UTF-8' encoding to copy filtered resources.
2019-08-08 13:15:59,614 [Worker-118: Building workspace] INFO  o.e.m.c.i.embedder.EclipseLogger - skip non existing resourceDirectory C:\Users\ronaldo\GPS-PAMCARY\Desenvolvimento\CODIGO_FONTE\monitorTecnologiaApp\src\test\resources
2019-08-08 13:16:35,297 [Worker-114: Updating Maven Project] INFO  o.e.m.c.i.p.ProjectConfigurationManager - Update started
2019-08-08 13:16:38,368 [Worker-114: Updating Maven Project] INFO  o.e.m.c.i.l.LifecycleMappingFactory - Using org.maven.ide.eclipse.wtp.WarLifecycleMapping lifecycle mapping for MavenProject: br.com.pamcary:monitorTecnologiaApp:1.0 @ C:\Users\ronaldo\GPS-PAMCARY\Desenvolvimento\CODIGO_FONTE\monitorTecnologiaApp\pom.xml.
2019-08-08 13:16:44,840 [Worker-114: Updating Maven Project] INFO  o.e.m.j.i.AbstractJavaProjectConfigurator - Adding source folder /monitorTecnologiaApp/src/main/java
2019-08-08 13:16:44,842 [Worker-114: Updating Maven Project] INFO  o.e.m.j.i.AbstractJavaProjectConfigurator - Adding resource folder /monitorTecnologiaApp/src/main/resources
2019-08-08 13:16:44,843 [Worker-114: Updating Maven Project] INFO  o.e.m.j.i.AbstractJavaProjectConfigurator - Adding resource folder /monitorTecnologiaApp/src/main/resources
2019-08-08 13:16:44,846 [Worker-114: Updating Maven Project] INFO  o.e.m.j.i.AbstractJavaProjectConfigurator - Adding source folder /monitorTecnologiaApp/src/test/java
2019-08-08 13:16:45,413 [Worker-114: Updating Maven Project] ERROR o.e.m2e.wtp.WTPProjectConfigurator - Unable to configure monitorTecnologiaApp
org.eclipse.m2e.wtp.MarkedException: Unable to configure monitorTecnologiaApp
	at org.eclipse.m2e.wtp.AbstractProjectConfiguratorDelegate.configureProject(AbstractProjectConfiguratorDelegate.java:99) ~[na:na]
	at org.eclipse.m2e.wtp.WTPProjectConfigurator.configure(WTPProjectConfigurator.java:68) ~[na:na]
	at org.eclipse.m2e.core.project.configurator.AbstractLifecycleMapping.configure(AbstractLifecycleMapping.java:120) ~[na:na]
	at org.eclipse.m2e.core.internal.project.ProjectConfigurationManager$3.call(ProjectConfigurationManager.java:508) ~[na:na]
	at org.eclipse.m2e.core.internal.project.ProjectConfigurationManager$3.call(ProjectConfigurationManager.java:1) ~[na:na]
	at org.eclipse.m2e.core.internal.embedder.MavenExecutionContext.executeBare(MavenExecutionContext.java:177) ~[na:na]
	at org.eclipse.m2e.core.internal.embedder.MavenExecutionContext.execute(MavenExecutionContext.java:151) ~[na:na]
	at org.eclipse.m2e.core.internal.project.ProjectConfigurationManager.updateProjectConfiguration(ProjectConfigurationManager.java:501) ~[na:na]
	at org.eclipse.m2e.core.internal.project.ProjectConfigurationManager.updateProjectConfiguration0(ProjectConfigurationManager.java:439) ~[na:na]
	at org.eclipse.m2e.core.internal.project.ProjectConfigurationManager$2.call(ProjectConfigurationManager.java:352) ~[na:na]
	at org.eclipse.m2e.core.internal.project.ProjectConfigurationManager$2.call(ProjectConfigurationManager.java:1) ~[na:na]
	at org.eclipse.m2e.core.internal.embedder.MavenExecutionContext.executeBare(MavenExecutionContext.java:177) ~[na:na]
	at org.eclipse.m2e.core.internal.embedder.MavenExecutionContext.execute(MavenExecutionContext.java:151) ~[na:na]
	at org.eclipse.m2e.core.internal.embedder.MavenExecutionContext.execute(MavenExecutionContext.java:99) ~[na:na]
	at org.eclipse.m2e.core.internal.embedder.MavenImpl.execute(MavenImpl.java:1332) ~[na:na]
	at org.eclipse.m2e.core.internal.project.ProjectConfigurationManager.updateProjectConfiguration(ProjectConfigurationManager.java:349) ~[na:na]
	at org.eclipse.m2e.core.ui.internal.UpdateMavenProjectJob.runInWorkspace(UpdateMavenProjectJob.java:77) ~[org.eclipse.m2e.core.ui_1.10.0.20181127-2120.jar:na]
	at org.eclipse.core.internal.resources.InternalWorkspaceJob.run(InternalWorkspaceJob.java:42) ~[na:na]
	at org.eclipse.core.internal.jobs.Worker.run(Worker.java:63) ~[org.eclipse.core.jobs_3.10.200.v20180912-1356.jar:na]
Caused by: org.eclipse.core.runtime.CoreException: One or more constraints have not been satisfied.
	at org.eclipse.wst.common.project.facet.core.internal.FacetedProject.modifyInternal(FacetedProject.java:363) ~[na:na]
	at org.eclipse.wst.common.project.facet.core.internal.FacetedProject.mergeChangesInternal(FacetedProject.java:1181) ~[na:na]
	at org.eclipse.wst.common.project.facet.core.internal.FacetedProject.access$2(FacetedProject.java:1117) ~[na:na]
	at org.eclipse.wst.common.project.facet.core.internal.FacetedProject$1.run(FacetedProject.java:324) ~[na:na]
	at org.eclipse.core.internal.resources.Workspace.run(Workspace.java:2295) ~[na:na]
	at org.eclipse.core.internal.resources.Workspace.run(Workspace.java:2322) ~[na:na]
	at org.eclipse.wst.common.project.facet.core.internal.FacetedProject.modify(FacetedProject.java:339) ~[na:na]
	at org.eclipse.m2e.wtp.WebProjectConfiguratorDelegate.configure(WebProjectConfiguratorDelegate.java:136) ~[na:na]
	at org.eclipse.m2e.wtp.AbstractProjectConfiguratorDelegate.configureProject(AbstractProjectConfiguratorDelegate.java:95) ~[na:na]
	... 18 common frames omitted
2019-08-08 13:16:46,730 [Worker-114: Updating Maven Project] INFO  o.e.m.w.i.f.ResourceFilteringBuildParticipant - Cleaning filtered folder for monitorTecnologiaApp
2019-08-08 13:16:46,839 [Worker-114: Updating Maven Project] INFO  o.e.m.c.i.p.ProjectConfigurationManager - Update completed: 11 sec
2019-08-08 13:16:51,416 [Worker-120: Building workspace] INFO  o.e.m.c.i.embedder.EclipseLogger - Using 'UTF-8' encoding to copy filtered resources.
2019-08-08 13:16:51,420 [Worker-120: Building workspace] INFO  o.e.m.c.i.embedder.EclipseLogger - Copying 1 resource
2019-08-08 13:16:51,511 [Worker-120: Building workspace] INFO  o.e.m.c.i.embedder.EclipseLogger - Copying 2 resources
2019-08-08 13:16:51,553 [Worker-120: Building workspace] INFO  o.e.m.c.i.embedder.EclipseLogger - Using 'UTF-8' encoding to copy filtered resources.
2019-08-08 13:16:51,554 [Worker-120: Building workspace] INFO  o.e.m.c.i.embedder.EclipseLogger - skip non existing resourceDirectory C:\Users\ronaldo\GPS-PAMCARY\Desenvolvimento\CODIGO_FONTE\monitorTecnologiaApp\src\test\resources
2019-08-08 13:16:51,555 [Worker-120: Building workspace] INFO  o.e.m.w.i.f.ResourceFilteringBuildParticipant - Changed resources require a complete clean of filtered resources of monitorTecnologiaApp
2019-08-08 13:16:51,555 [Worker-120: Building workspace] INFO  o.e.m.w.i.f.ResourceFilteringBuildParticipant - Executing resource filtering for monitorTecnologiaApp
2019-08-08 13:16:51,577 [Worker-120: Building workspace] INFO  o.e.m.c.i.embedder.EclipseLogger - Using 'UTF-8' encoding to copy filtered resources.
2019-08-08 13:16:56,486 [Worker-120: Building workspace] INFO  o.e.m.c.i.embedder.EclipseLogger - Configured Artifact: com.github.jsimone:webapp-runner:8.5.27.0:jar
2019-08-08 13:16:56,522 [Worker-120: Building workspace] INFO  o.e.m.c.i.embedder.EclipseLogger - Copying webapp-runner-8.5.27.0.jar to C:\Users\ronaldo\GPS-PAMCARY\Desenvolvimento\CODIGO_FONTE\monitorTecnologiaApp\target\dependency\webapp-runner.jar
2019-08-08 13:23:12,218 [Worker-116: Importing Maven projects] INFO  o.e.m.c.i.l.LifecycleMappingFactory - Using org.maven.ide.eclipse.wtp.WarLifecycleMapping lifecycle mapping for MavenProject: com.example:demo:0.0.1-SNAPSHOT @ C:\Users\ronaldo\GPS-PAMCARY\Desenvolvimento\CODIGO_FONTE\workspace-sts-3.9.2.RELEASE\demo\pom.xml.
2019-08-08 13:23:17,226 [Worker-116: Importing Maven projects] INFO  o.e.m.c.i.l.LifecycleMappingFactory - Using org.maven.ide.eclipse.wtp.WarLifecycleMapping lifecycle mapping for MavenProject: br.com.pamcary:monitor-tecnologia:1.0 @ C:\Users\ronaldo\GPS-PAMCARY\Desenvolvimento\CODIGO_FONTE\workspace-sts-3.9.2.RELEASE\monitor-tecnologia\pom.xml.
2019-08-08 13:23:36,062 [Worker-116: Importing Maven projects] INFO  o.e.m.j.i.AbstractJavaProjectConfigurator - Adding source folder /demo/src/main/java
2019-08-08 13:23:36,063 [Worker-116: Importing Maven projects] INFO  o.e.m.j.i.AbstractJavaProjectConfigurator - Adding resource folder /demo/src/main/resources
2019-08-08 13:23:36,065 [Worker-116: Importing Maven projects] INFO  o.e.m.j.i.AbstractJavaProjectConfigurator - Adding resource folder /demo/src/main/resources
2019-08-08 13:23:36,068 [Worker-116: Importing Maven projects] INFO  o.e.m.j.i.AbstractJavaProjectConfigurator - Adding source folder /demo/src/test/java
2019-08-08 13:23:37,123 [Worker-114: Download sources and javadoc] INFO  o.e.m.c.i.e.AbstractTransferListenerAdapter - Downloading http://qualidade.pamcary-interno.com.br/nexus/content/groups/public/org/springframework/boot/spring-boot-starter-web/2.0.1.RELEASE/spring-boot-starter-web-2.0.1.RELEASE-sources.jar
2019-08-08 13:23:37,173 [Worker-114: Download sources and javadoc] INFO  o.e.m.c.i.e.AbstractTransferListenerAdapter - Downloaded http://qualidade.pamcary-interno.com.br/nexus/content/groups/public/org/springframework/boot/spring-boot-starter-web/2.0.1.RELEASE/spring-boot-starter-web-2.0.1.RELEASE-sources.jar
2019-08-08 13:23:37,652 [Worker-114: Download sources and javadoc] INFO  o.e.m.j.internal.DownloadSourcesJob - Downloaded sources for org.springframework.boot:spring-boot-starter-web:2.0.1.RELEASE
2019-08-08 13:23:37,671 [Worker-114: Download sources and javadoc] INFO  o.e.m.c.i.e.AbstractTransferListenerAdapter - Downloading http://qualidade.pamcary-interno.com.br/nexus/content/groups/public/org/springframework/boot/spring-boot-starter/2.0.1.RELEASE/spring-boot-starter-2.0.1.RELEASE-sources.jar
2019-08-08 13:23:37,708 [Worker-114: Download sources and javadoc] INFO  o.e.m.c.i.e.AbstractTransferListenerAdapter - Downloaded http://qualidade.pamcary-interno.com.br/nexus/content/groups/public/org/springframework/boot/spring-boot-starter/2.0.1.RELEASE/spring-boot-starter-2.0.1.RELEASE-sources.jar
2019-08-08 13:23:37,911 [Worker-114: Download sources and javadoc] INFO  o.e.m.j.internal.DownloadSourcesJob - Downloaded sources for org.springframework.boot:spring-boot-starter:2.0.1.RELEASE
2019-08-08 13:23:37,983 [Worker-114: Download sources and javadoc] INFO  o.e.m.c.i.e.AbstractTransferListenerAdapter - Downloading http://qualidade.pamcary-interno.com.br/nexus/content/groups/public/org/springframework/boot/spring-boot/2.0.1.RELEASE/spring-boot-2.0.1.RELEASE-sources.jar
2019-08-08 13:23:38,163 [Worker-114: Download sources and javadoc] INFO  o.e.m.c.i.e.AbstractTransferListenerAdapter - Downloaded http://qualidade.pamcary-interno.com.br/nexus/content/groups/public/org/springframework/boot/spring-boot/2.0.1.RELEASE/spring-boot-2.0.1.RELEASE-sources.jar
2019-08-08 13:23:38,623 [Worker-114: Download sources and javadoc] INFO  o.e.m.j.internal.DownloadSourcesJob - Downloaded sources for org.springframework.boot:spring-boot:2.0.1.RELEASE
2019-08-08 13:23:38,660 [Worker-114: Download sources and javadoc] INFO  o.e.m.c.i.e.AbstractTransferListenerAdapter - Downloading http://qualidade.pamcary-interno.com.br/nexus/content/groups/public/org/springframework/boot/spring-boot-autoconfigure/2.0.1.RELEASE/spring-boot-autoconfigure-2.0.1.RELEASE-sources.jar
2019-08-08 13:23:38,783 [Worker-114: Download sources and javadoc] INFO  o.e.m.c.i.e.AbstractTransferListenerAdapter - Downloaded http://qualidade.pamcary-interno.com.br/nexus/content/groups/public/org/springframework/boot/spring-boot-autoconfigure/2.0.1.RELEASE/spring-boot-autoconfigure-2.0.1.RELEASE-sources.jar
2019-08-08 13:23:39,083 [Worker-114: Download sources and javadoc] INFO  o.e.m.j.internal.DownloadSourcesJob - Downloaded sources for org.springframework.boot:spring-boot-autoconfigure:2.0.1.RELEASE
2019-08-08 13:23:39,107 [Worker-114: Download sources and javadoc] INFO  o.e.m.c.i.e.AbstractTransferListenerAdapter - Downloading http://qualidade.pamcary-interno.com.br/nexus/content/groups/public/org/springframework/boot/spring-boot-starter-logging/2.0.1.RELEASE/spring-boot-starter-logging-2.0.1.RELEASE-sources.jar
2019-08-08 13:23:39,142 [Worker-114: Download sources and javadoc] INFO  o.e.m.c.i.e.AbstractTransferListenerAdapter - Downloaded http://qualidade.pamcary-interno.com.br/nexus/content/groups/public/org/springframework/boot/spring-boot-starter-logging/2.0.1.RELEASE/spring-boot-starter-logging-2.0.1.RELEASE-sources.jar
2019-08-08 13:23:39,369 [Worker-114: Download sources and javadoc] INFO  o.e.m.j.internal.DownloadSourcesJob - Downloaded sources for org.springframework.boot:spring-boot-starter-logging:2.0.1.RELEASE
2019-08-08 13:23:39,386 [Worker-114: Download sources and javadoc] INFO  o.e.m.c.i.e.AbstractTransferListenerAdapter - Downloading http://qualidade.pamcary-interno.com.br/nexus/content/groups/public/org/springframework/boot/spring-boot-starter-json/2.0.1.RELEASE/spring-boot-starter-json-2.0.1.RELEASE-sources.jar
2019-08-08 13:23:39,420 [Worker-114: Download sources and javadoc] INFO  o.e.m.c.i.e.AbstractTransferListenerAdapter - Downloaded http://qualidade.pamcary-interno.com.br/nexus/content/groups/public/org/springframework/boot/spring-boot-starter-json/2.0.1.RELEASE/spring-boot-starter-json-2.0.1.RELEASE-sources.jar
2019-08-08 13:23:39,601 [Worker-114: Download sources and javadoc] INFO  o.e.m.j.internal.DownloadSourcesJob - Downloaded sources for org.springframework.boot:spring-boot-starter-json:2.0.1.RELEASE
2019-08-08 13:23:39,636 [Worker-114: Download sources and javadoc] INFO  o.e.m.c.i.e.AbstractTransferListenerAdapter - Downloading http://qualidade.pamcary-interno.com.br/nexus/content/groups/public/com/fasterxml/jackson/core/jackson-databind/2.9.5/jackson-databind-2.9.5-sources.jar
2019-08-08 13:23:39,802 [Worker-114: Download sources and javadoc] INFO  o.e.m.c.i.e.AbstractTransferListenerAdapter - Downloaded http://qualidade.pamcary-interno.com.br/nexus/content/groups/public/com/fasterxml/jackson/core/jackson-databind/2.9.5/jackson-databind-2.9.5-sources.jar
2019-08-08 13:23:40,395 [Worker-116: Importing Maven projects] INFO  o.e.m.j.i.AbstractJavaProjectConfigurator - Adding source folder /monitor-tecnologia/src/main/java
2019-08-08 13:23:40,396 [Worker-116: Importing Maven projects] INFO  o.e.m.j.i.AbstractJavaProjectConfigurator - Adding resource folder /monitor-tecnologia/src/main/resources
2019-08-08 13:23:40,399 [Worker-116: Importing Maven projects] INFO  o.e.m.j.i.AbstractJavaProjectConfigurator - Adding source folder /monitor-tecnologia/src/test/java
2019-08-08 13:23:40,400 [Worker-116: Importing Maven projects] INFO  o.e.m.j.i.AbstractJavaProjectConfigurator - Adding resource folder /monitor-tecnologia/src/test/resources
2019-08-08 13:23:40,497 [Worker-114: Download sources and javadoc] INFO  o.e.m.j.internal.DownloadSourcesJob - Downloaded sources for com.fasterxml.jackson.core:jackson-databind:2.9.5
2019-08-08 13:23:40,520 [Worker-114: Download sources and javadoc] INFO  o.e.m.c.i.e.AbstractTransferListenerAdapter - Downloading http://qualidade.pamcary-interno.com.br/nexus/content/groups/public/com/fasterxml/jackson/core/jackson-core/2.9.5/jackson-core-2.9.5-sources.jar
2019-08-08 13:23:40,586 [Worker-114: Download sources and javadoc] INFO  o.e.m.c.i.e.AbstractTransferListenerAdapter - Downloaded http://qualidade.pamcary-interno.com.br/nexus/content/groups/public/com/fasterxml/jackson/core/jackson-core/2.9.5/jackson-core-2.9.5-sources.jar
2019-08-08 13:23:40,824 [Worker-114: Download sources and javadoc] INFO  o.e.m.j.internal.DownloadSourcesJob - Downloaded sources for com.fasterxml.jackson.core:jackson-core:2.9.5
2019-08-08 13:23:40,851 [Worker-114: Download sources and javadoc] INFO  o.e.m.c.i.e.AbstractTransferListenerAdapter - Downloading http://qualidade.pamcary-interno.com.br/nexus/content/groups/public/com/fasterxml/jackson/datatype/jackson-datatype-jdk8/2.9.5/jackson-datatype-jdk8-2.9.5-sources.jar
2019-08-08 13:23:40,891 [Worker-114: Download sources and javadoc] INFO  o.e.m.c.i.e.AbstractTransferListenerAdapter - Downloaded http://qualidade.pamcary-interno.com.br/nexus/content/groups/public/com/fasterxml/jackson/datatype/jackson-datatype-jdk8/2.9.5/jackson-datatype-jdk8-2.9.5-sources.jar
2019-08-08 13:23:41,130 [Worker-114: Download sources and javadoc] INFO  o.e.m.j.internal.DownloadSourcesJob - Downloaded sources for com.fasterxml.jackson.datatype:jackson-datatype-jdk8:2.9.5
2019-08-08 13:23:42,036 [Worker-114: Download sources and javadoc] INFO  o.e.m.c.i.e.AbstractTransferListenerAdapter - Downloading http://qualidade.pamcary-interno.com.br/nexus/content/groups/public/com/fasterxml/jackson/datatype/jackson-datatype-jsr310/2.9.5/jackson-datatype-jsr310-2.9.5-sources.jar
2019-08-08 13:23:42,080 [Worker-114: Download sources and javadoc] INFO  o.e.m.c.i.e.AbstractTransferListenerAdapter - Downloaded http://qualidade.pamcary-interno.com.br/nexus/content/groups/public/com/fasterxml/jackson/datatype/jackson-datatype-jsr310/2.9.5/jackson-datatype-jsr310-2.9.5-sources.jar
2019-08-08 13:23:42,324 [Worker-114: Download sources and javadoc] INFO  o.e.m.j.internal.DownloadSourcesJob - Downloaded sources for com.fasterxml.jackson.datatype:jackson-datatype-jsr310:2.9.5
2019-08-08 13:23:42,464 [Worker-114: Download sources and javadoc] INFO  o.e.m.c.i.e.AbstractTransferListenerAdapter - Downloading http://qualidade.pamcary-interno.com.br/nexus/content/groups/public/com/fasterxml/jackson/module/jackson-module-parameter-names/2.9.5/jackson-module-parameter-names-2.9.5-sources.jar
2019-08-08 13:23:42,502 [Worker-114: Download sources and javadoc] INFO  o.e.m.c.i.e.AbstractTransferListenerAdapter - Downloaded http://qualidade.pamcary-interno.com.br/nexus/content/groups/public/com/fasterxml/jackson/module/jackson-module-parameter-names/2.9.5/jackson-module-parameter-names-2.9.5-sources.jar
2019-08-08 13:23:42,812 [Worker-114: Download sources and javadoc] INFO  o.e.m.j.internal.DownloadSourcesJob - Downloaded sources for com.fasterxml.jackson.module:jackson-module-parameter-names:2.9.5
2019-08-08 13:23:42,850 [Worker-114: Download sources and javadoc] INFO  o.e.m.c.i.e.AbstractTransferListenerAdapter - Downloading http://qualidade.pamcary-interno.com.br/nexus/content/groups/public/org/hibernate/validator/hibernate-validator/6.0.9.Final/hibernate-validator-6.0.9.Final-sources.jar
2019-08-08 13:23:43,022 [Worker-114: Download sources and javadoc] INFO  o.e.m.c.i.e.AbstractTransferListenerAdapter - Downloaded http://qualidade.pamcary-interno.com.br/nexus/content/groups/public/org/hibernate/validator/hibernate-validator/6.0.9.Final/hibernate-validator-6.0.9.Final-sources.jar
2019-08-08 13:23:43,365 [Worker-114: Download sources and javadoc] INFO  o.e.m.j.internal.DownloadSourcesJob - Downloaded sources for org.hibernate.validator:hibernate-validator:6.0.9.Final
2019-08-08 13:23:43,404 [Worker-114: Download sources and javadoc] INFO  o.e.m.c.i.e.AbstractTransferListenerAdapter - Downloading http://qualidade.pamcary-interno.com.br/nexus/content/groups/public/org/springframework/spring-web/5.0.5.RELEASE/spring-web-5.0.5.RELEASE-sources.jar
2019-08-08 13:23:43,576 [Worker-114: Download sources and javadoc] INFO  o.e.m.c.i.e.AbstractTransferListenerAdapter - Downloaded http://qualidade.pamcary-interno.com.br/nexus/content/groups/public/org/springframework/spring-web/5.0.5.RELEASE/spring-web-5.0.5.RELEASE-sources.jar
2019-08-08 13:23:43,898 [Worker-114: Download sources and javadoc] INFO  o.e.m.j.internal.DownloadSourcesJob - Downloaded sources for org.springframework:spring-web:5.0.5.RELEASE
2019-08-08 13:23:43,997 [Worker-114: Download sources and javadoc] INFO  o.e.m.c.i.e.AbstractTransferListenerAdapter - Downloading http://qualidade.pamcary-interno.com.br/nexus/content/groups/public/org/springframework/spring-beans/5.0.5.RELEASE/spring-beans-5.0.5.RELEASE-sources.jar
2019-08-08 13:23:44,093 [Worker-114: Download sources and javadoc] INFO  o.e.m.c.i.e.AbstractTransferListenerAdapter - Downloaded http://qualidade.pamcary-interno.com.br/nexus/content/groups/public/org/springframework/spring-beans/5.0.5.RELEASE/spring-beans-5.0.5.RELEASE-sources.jar
2019-08-08 13:23:44,472 [Worker-114: Download sources and javadoc] INFO  o.e.m.j.internal.DownloadSourcesJob - Downloaded sources for org.springframework:spring-beans:5.0.5.RELEASE
2019-08-08 13:23:44,545 [Worker-114: Download sources and javadoc] INFO  o.e.m.c.i.e.AbstractTransferListenerAdapter - Downloading http://qualidade.pamcary-interno.com.br/nexus/content/groups/public/org/springframework/spring-aop/5.0.5.RELEASE/spring-aop-5.0.5.RELEASE-sources.jar
2019-08-08 13:23:44,602 [Worker-114: Download sources and javadoc] INFO  o.e.m.c.i.e.AbstractTransferListenerAdapter - Downloaded http://qualidade.pamcary-interno.com.br/nexus/content/groups/public/org/springframework/spring-aop/5.0.5.RELEASE/spring-aop-5.0.5.RELEASE-sources.jar
2019-08-08 13:23:45,040 [Worker-114: Download sources and javadoc] INFO  o.e.m.j.internal.DownloadSourcesJob - Downloaded sources for org.springframework:spring-aop:5.0.5.RELEASE
2019-08-08 13:23:45,082 [Worker-114: Download sources and javadoc] INFO  o.e.m.c.i.e.AbstractTransferListenerAdapter - Downloading http://qualidade.pamcary-interno.com.br/nexus/content/groups/public/org/springframework/spring-context/5.0.5.RELEASE/spring-context-5.0.5.RELEASE-sources.jar
2019-08-08 13:23:45,297 [Worker-114: Download sources and javadoc] INFO  o.e.m.c.i.e.AbstractTransferListenerAdapter - Downloaded http://qualidade.pamcary-interno.com.br/nexus/content/groups/public/org/springframework/spring-context/5.0.5.RELEASE/spring-context-5.0.5.RELEASE-sources.jar
2019-08-08 13:23:45,837 [Worker-114: Download sources and javadoc] INFO  o.e.m.j.internal.DownloadSourcesJob - Downloaded sources for org.springframework:spring-context:5.0.5.RELEASE
2019-08-08 13:23:45,868 [Worker-114: Download sources and javadoc] INFO  o.e.m.c.i.e.AbstractTransferListenerAdapter - Downloading http://qualidade.pamcary-interno.com.br/nexus/content/groups/public/org/springframework/spring-expression/5.0.5.RELEASE/spring-expression-5.0.5.RELEASE-sources.jar
2019-08-08 13:23:45,964 [Worker-114: Download sources and javadoc] INFO  o.e.m.c.i.e.AbstractTransferListenerAdapter - Downloaded http://qualidade.pamcary-interno.com.br/nexus/content/groups/public/org/springframework/spring-expression/5.0.5.RELEASE/spring-expression-5.0.5.RELEASE-sources.jar
2019-08-08 13:23:46,333 [Worker-114: Download sources and javadoc] INFO  o.e.m.j.internal.DownloadSourcesJob - Downloaded sources for org.springframework:spring-expression:5.0.5.RELEASE
2019-08-08 13:23:46,351 [Worker-114: Download sources and javadoc] INFO  o.e.m.c.i.e.AbstractTransferListenerAdapter - Downloading http://qualidade.pamcary-interno.com.br/nexus/content/groups/public/org/springframework/boot/spring-boot-starter-tomcat/2.0.1.RELEASE/spring-boot-starter-tomcat-2.0.1.RELEASE-sources.jar
2019-08-08 13:23:46,387 [Worker-114: Download sources and javadoc] INFO  o.e.m.c.i.e.AbstractTransferListenerAdapter - Downloaded http://qualidade.pamcary-interno.com.br/nexus/content/groups/public/org/springframework/boot/spring-boot-starter-tomcat/2.0.1.RELEASE/spring-boot-starter-tomcat-2.0.1.RELEASE-sources.jar
2019-08-08 13:23:46,537 [Worker-116: Importing Maven projects] INFO  o.e.m.c.i.p.ProjectConfigurationManager - Imported and configured 2 project(s) in 43 sec
2019-08-08 13:23:46,732 [Worker-114: Download sources and javadoc] INFO  o.e.m.j.internal.DownloadSourcesJob - Downloaded sources for org.springframework.boot:spring-boot-starter-tomcat:2.0.1.RELEASE
2019-08-08 13:23:46,760 [Worker-114: Download sources and javadoc] INFO  o.e.m.c.i.e.AbstractTransferListenerAdapter - Downloading http://qualidade.pamcary-interno.com.br/nexus/content/groups/public/org/apache/tomcat/embed/tomcat-embed-core/8.5.29/tomcat-embed-core-8.5.29-sources.jar
2019-08-08 13:23:47,280 [Worker-114: Download sources and javadoc] INFO  o.e.m.c.i.e.AbstractTransferListenerAdapter - Downloaded http://qualidade.pamcary-interno.com.br/nexus/content/groups/public/org/apache/tomcat/embed/tomcat-embed-core/8.5.29/tomcat-embed-core-8.5.29-sources.jar
2019-08-08 13:23:47,593 [Worker-114: Download sources and javadoc] INFO  o.e.m.j.internal.DownloadSourcesJob - Downloaded sources for org.apache.tomcat.embed:tomcat-embed-core:8.5.29
2019-08-08 13:23:48,006 [Worker-114: Download sources and javadoc] INFO  o.e.m.c.i.e.AbstractTransferListenerAdapter - Downloading http://qualidade.pamcary-interno.com.br/nexus/content/groups/public/org/apache/tomcat/embed/tomcat-embed-el/8.5.29/tomcat-embed-el-8.5.29-sources.jar
2019-08-08 13:23:48,061 [Worker-114: Download sources and javadoc] INFO  o.e.m.c.i.e.AbstractTransferListenerAdapter - Downloaded http://qualidade.pamcary-interno.com.br/nexus/content/groups/public/org/apache/tomcat/embed/tomcat-embed-el/8.5.29/tomcat-embed-el-8.5.29-sources.jar
2019-08-08 13:23:48,303 [Worker-114: Download sources and javadoc] INFO  o.e.m.j.internal.DownloadSourcesJob - Downloaded sources for org.apache.tomcat.embed:tomcat-embed-el:8.5.29
2019-08-08 13:23:48,322 [Worker-114: Download sources and javadoc] INFO  o.e.m.c.i.e.AbstractTransferListenerAdapter - Downloading http://qualidade.pamcary-interno.com.br/nexus/content/groups/public/org/apache/tomcat/embed/tomcat-embed-websocket/8.5.29/tomcat-embed-websocket-8.5.29-sources.jar
2019-08-08 13:23:48,379 [Worker-114: Download sources and javadoc] INFO  o.e.m.c.i.e.AbstractTransferListenerAdapter - Downloaded http://qualidade.pamcary-interno.com.br/nexus/content/groups/public/org/apache/tomcat/embed/tomcat-embed-websocket/8.5.29/tomcat-embed-websocket-8.5.29-sources.jar
2019-08-08 13:23:48,568 [Worker-114: Download sources and javadoc] INFO  o.e.m.j.internal.DownloadSourcesJob - Downloaded sources for org.apache.tomcat.embed:tomcat-embed-websocket:8.5.29
2019-08-08 13:23:48,586 [Worker-114: Download sources and javadoc] INFO  o.e.m.c.i.e.AbstractTransferListenerAdapter - Downloading http://qualidade.pamcary-interno.com.br/nexus/content/groups/public/org/springframework/boot/spring-boot-starter-test/2.0.1.RELEASE/spring-boot-starter-test-2.0.1.RELEASE-sources.jar
2019-08-08 13:23:48,623 [Worker-114: Download sources and javadoc] INFO  o.e.m.c.i.e.AbstractTransferListenerAdapter - Downloaded http://qualidade.pamcary-interno.com.br/nexus/content/groups/public/org/springframework/boot/spring-boot-starter-test/2.0.1.RELEASE/spring-boot-starter-test-2.0.1.RELEASE-sources.jar
2019-08-08 13:23:48,856 [Worker-114: Download sources and javadoc] INFO  o.e.m.j.internal.DownloadSourcesJob - Downloaded sources for org.springframework.boot:spring-boot-starter-test:2.0.1.RELEASE
2019-08-08 13:23:48,880 [Worker-114: Download sources and javadoc] INFO  o.e.m.c.i.e.AbstractTransferListenerAdapter - Downloading http://qualidade.pamcary-interno.com.br/nexus/content/groups/public/org/springframework/boot/spring-boot-test/2.0.1.RELEASE/spring-boot-test-2.0.1.RELEASE-sources.jar
2019-08-08 13:23:48,924 [Worker-114: Download sources and javadoc] INFO  o.e.m.c.i.e.AbstractTransferListenerAdapter - Downloaded http://qualidade.pamcary-interno.com.br/nexus/content/groups/public/org/springframework/boot/spring-boot-test/2.0.1.RELEASE/spring-boot-test-2.0.1.RELEASE-sources.jar
2019-08-08 13:23:49,181 [Worker-114: Download sources and javadoc] INFO  o.e.m.j.internal.DownloadSourcesJob - Downloaded sources for org.springframework.boot:spring-boot-test:2.0.1.RELEASE
2019-08-08 13:23:49,212 [Worker-114: Download sources and javadoc] INFO  o.e.m.c.i.e.AbstractTransferListenerAdapter - Downloading http://qualidade.pamcary-interno.com.br/nexus/content/groups/public/org/springframework/boot/spring-boot-test-autoconfigure/2.0.1.RELEASE/spring-boot-test-autoconfigure-2.0.1.RELEASE-sources.jar
2019-08-08 13:23:49,262 [Worker-114: Download sources and javadoc] INFO  o.e.m.c.i.e.AbstractTransferListenerAdapter - Downloaded http://qualidade.pamcary-interno.com.br/nexus/content/groups/public/org/springframework/boot/spring-boot-test-autoconfigure/2.0.1.RELEASE/spring-boot-test-autoconfigure-2.0.1.RELEASE-sources.jar
2019-08-08 13:23:49,628 [Worker-114: Download sources and javadoc] INFO  o.e.m.j.internal.DownloadSourcesJob - Downloaded sources for org.springframework.boot:spring-boot-test-autoconfigure:2.0.1.RELEASE
2019-08-08 13:23:49,750 [Worker-114: Download sources and javadoc] INFO  o.e.m.c.i.e.AbstractTransferListenerAdapter - Downloading http://qualidade.pamcary-interno.com.br/nexus/content/groups/public/org/springframework/spring-core/5.0.5.RELEASE/spring-core-5.0.5.RELEASE-sources.jar
2019-08-08 13:23:49,963 [Worker-114: Download sources and javadoc] INFO  o.e.m.c.i.e.AbstractTransferListenerAdapter - Downloaded http://qualidade.pamcary-interno.com.br/nexus/content/groups/public/org/springframework/spring-core/5.0.5.RELEASE/spring-core-5.0.5.RELEASE-sources.jar
2019-08-08 13:23:50,549 [Worker-114: Download sources and javadoc] INFO  o.e.m.j.internal.DownloadSourcesJob - Downloaded sources for org.springframework:spring-core:5.0.5.RELEASE
2019-08-08 13:23:50,572 [Worker-114: Download sources and javadoc] INFO  o.e.m.c.i.e.AbstractTransferListenerAdapter - Downloading http://qualidade.pamcary-interno.com.br/nexus/content/groups/public/org/springframework/spring-jcl/5.0.5.RELEASE/spring-jcl-5.0.5.RELEASE-sources.jar
2019-08-08 13:23:50,609 [Worker-114: Download sources and javadoc] INFO  o.e.m.c.i.e.AbstractTransferListenerAdapter - Downloaded http://qualidade.pamcary-interno.com.br/nexus/content/groups/public/org/springframework/spring-jcl/5.0.5.RELEASE/spring-jcl-5.0.5.RELEASE-sources.jar
2019-08-08 13:23:50,962 [Worker-114: Download sources and javadoc] INFO  o.e.m.j.internal.DownloadSourcesJob - Downloaded sources for org.springframework:spring-jcl:5.0.5.RELEASE
2019-08-08 13:23:50,986 [Worker-114: Download sources and javadoc] INFO  o.e.m.c.i.e.AbstractTransferListenerAdapter - Downloading http://qualidade.pamcary-interno.com.br/nexus/content/groups/public/org/springframework/spring-test/5.0.5.RELEASE/spring-test-5.0.5.RELEASE-sources.jar
2019-08-08 13:23:51,088 [Worker-114: Download sources and javadoc] INFO  o.e.m.c.i.e.AbstractTransferListenerAdapter - Downloaded http://qualidade.pamcary-interno.com.br/nexus/content/groups/public/org/springframework/spring-test/5.0.5.RELEASE/spring-test-5.0.5.RELEASE-sources.jar
2019-08-08 13:23:51,381 [Worker-114: Download sources and javadoc] INFO  o.e.m.j.internal.DownloadSourcesJob - Downloaded sources for org.springframework:spring-test:5.0.5.RELEASE
2019-08-08 13:23:56,088 [Worker-123: Download sources and javadoc] INFO  o.e.m.j.internal.DownloadSourcesJob - Downloaded sources for org.springframework.boot:spring-boot-starter-web:2.0.1.RELEASE
2019-08-08 13:23:56,111 [Worker-123: Download sources and javadoc] INFO  o.e.m.j.internal.DownloadSourcesJob - Downloaded sources for org.springframework.boot:spring-boot-starter:2.0.1.RELEASE
2019-08-08 13:23:56,141 [Worker-123: Download sources and javadoc] INFO  o.e.m.j.internal.DownloadSourcesJob - Downloaded sources for org.springframework.boot:spring-boot:2.0.1.RELEASE
2019-08-08 13:23:56,155 [Worker-123: Download sources and javadoc] INFO  o.e.m.j.internal.DownloadSourcesJob - Downloaded sources for org.springframework.boot:spring-boot-autoconfigure:2.0.1.RELEASE
2019-08-08 13:23:56,168 [Worker-123: Download sources and javadoc] INFO  o.e.m.j.internal.DownloadSourcesJob - Downloaded sources for org.springframework.boot:spring-boot-starter-logging:2.0.1.RELEASE
2019-08-08 13:23:56,180 [Worker-123: Download sources and javadoc] INFO  o.e.m.j.internal.DownloadSourcesJob - Downloaded sources for org.springframework.boot:spring-boot-starter-json:2.0.1.RELEASE
2019-08-08 13:23:56,190 [Worker-123: Download sources and javadoc] INFO  o.e.m.j.internal.DownloadSourcesJob - Downloaded sources for com.fasterxml.jackson.core:jackson-databind:2.9.5
2019-08-08 13:23:56,200 [Worker-123: Download sources and javadoc] INFO  o.e.m.j.internal.DownloadSourcesJob - Downloaded sources for com.fasterxml.jackson.core:jackson-core:2.9.5
2019-08-08 13:23:56,246 [Worker-123: Download sources and javadoc] INFO  o.e.m.j.internal.DownloadSourcesJob - Downloaded sources for com.fasterxml.jackson.datatype:jackson-datatype-jdk8:2.9.5
2019-08-08 13:23:56,305 [Worker-123: Download sources and javadoc] INFO  o.e.m.j.internal.DownloadSourcesJob - Downloaded sources for com.fasterxml.jackson.datatype:jackson-datatype-jsr310:2.9.5
2019-08-08 13:23:56,317 [Worker-123: Download sources and javadoc] INFO  o.e.m.j.internal.DownloadSourcesJob - Downloaded sources for com.fasterxml.jackson.module:jackson-module-parameter-names:2.9.5
2019-08-08 13:23:56,329 [Worker-123: Download sources and javadoc] INFO  o.e.m.j.internal.DownloadSourcesJob - Downloaded sources for org.hibernate.validator:hibernate-validator:6.0.9.Final
2019-08-08 13:23:56,340 [Worker-123: Download sources and javadoc] INFO  o.e.m.j.internal.DownloadSourcesJob - Downloaded sources for org.springframework:spring-web:5.0.5.RELEASE
2019-08-08 13:23:56,351 [Worker-123: Download sources and javadoc] INFO  o.e.m.j.internal.DownloadSourcesJob - Downloaded sources for org.springframework:spring-beans:5.0.5.RELEASE
2019-08-08 13:23:56,361 [Worker-123: Download sources and javadoc] INFO  o.e.m.j.internal.DownloadSourcesJob - Downloaded sources for org.springframework:spring-aop:5.0.5.RELEASE
2019-08-08 13:23:56,387 [Worker-123: Download sources and javadoc] INFO  o.e.m.j.internal.DownloadSourcesJob - Downloaded sources for org.springframework:spring-context:5.0.5.RELEASE
2019-08-08 13:23:56,420 [Worker-123: Download sources and javadoc] INFO  o.e.m.j.internal.DownloadSourcesJob - Downloaded sources for org.springframework:spring-expression:5.0.5.RELEASE
2019-08-08 13:23:56,469 [Worker-123: Download sources and javadoc] INFO  o.e.m.j.internal.DownloadSourcesJob - Downloaded sources for org.springframework.boot:spring-boot-starter-tomcat:2.0.1.RELEASE
2019-08-08 13:23:56,485 [Worker-123: Download sources and javadoc] INFO  o.e.m.j.internal.DownloadSourcesJob - Downloaded sources for org.apache.tomcat.embed:tomcat-embed-core:8.5.29
2019-08-08 13:23:56,501 [Worker-123: Download sources and javadoc] INFO  o.e.m.j.internal.DownloadSourcesJob - Downloaded sources for org.apache.tomcat.embed:tomcat-embed-el:8.5.29
2019-08-08 13:23:56,511 [Worker-123: Download sources and javadoc] INFO  o.e.m.j.internal.DownloadSourcesJob - Downloaded sources for org.apache.tomcat.embed:tomcat-embed-websocket:8.5.29
2019-08-08 13:23:56,521 [Worker-123: Download sources and javadoc] INFO  o.e.m.j.internal.DownloadSourcesJob - Downloaded sources for org.springframework.boot:spring-boot-starter-test:2.0.1.RELEASE
2019-08-08 13:23:56,531 [Worker-123: Download sources and javadoc] INFO  o.e.m.j.internal.DownloadSourcesJob - Downloaded sources for org.springframework.boot:spring-boot-test:2.0.1.RELEASE
2019-08-08 13:23:56,540 [Worker-123: Download sources and javadoc] INFO  o.e.m.j.internal.DownloadSourcesJob - Downloaded sources for org.springframework.boot:spring-boot-test-autoconfigure:2.0.1.RELEASE
2019-08-08 13:23:56,549 [Worker-123: Download sources and javadoc] INFO  o.e.m.j.internal.DownloadSourcesJob - Downloaded sources for org.springframework:spring-core:5.0.5.RELEASE
2019-08-08 13:23:56,559 [Worker-123: Download sources and javadoc] INFO  o.e.m.j.internal.DownloadSourcesJob - Downloaded sources for org.springframework:spring-jcl:5.0.5.RELEASE
2019-08-08 13:23:56,569 [Worker-123: Download sources and javadoc] INFO  o.e.m.j.internal.DownloadSourcesJob - Downloaded sources for org.springframework:spring-test:5.0.5.RELEASE
2019-08-08 13:24:02,260 [Worker-127: Building workspace] INFO  o.e.m.c.i.embedder.EclipseLogger - Using 'UTF-8' encoding to copy filtered resources.
2019-08-08 13:24:02,262 [Worker-127: Building workspace] INFO  o.e.m.c.i.embedder.EclipseLogger - Copying 1 resource
2019-08-08 13:24:02,325 [Worker-127: Building workspace] INFO  o.e.m.c.i.embedder.EclipseLogger - Copying 0 resource
2019-08-08 13:24:02,334 [Worker-127: Building workspace] INFO  o.e.m.c.i.embedder.EclipseLogger - Using 'UTF-8' encoding to copy filtered resources.
2019-08-08 13:24:02,334 [Worker-127: Building workspace] INFO  o.e.m.c.i.embedder.EclipseLogger - skip non existing resourceDirectory C:\Users\ronaldo\GPS-PAMCARY\Desenvolvimento\CODIGO_FONTE\workspace-sts-3.9.2.RELEASE\demo\src\test\resources
2019-08-08 13:24:10,700 [Worker-127: Building workspace] WARN  o.e.m.c.i.embedder.EclipseLogger - Using platform encoding (Cp1252 actually) to copy filtered resources, i.e. build is platform dependent!
2019-08-08 13:24:10,714 [Worker-127: Building workspace] INFO  o.e.m.c.i.embedder.EclipseLogger - Copying 2 resources
2019-08-08 13:24:10,771 [Worker-127: Building workspace] WARN  o.e.m.c.i.embedder.EclipseLogger - Using platform encoding (Cp1252 actually) to copy filtered resources, i.e. build is platform dependent!
2019-08-08 13:24:10,776 [Worker-127: Building workspace] INFO  o.e.m.c.i.embedder.EclipseLogger - Copying 0 resource
2019-08-08 13:25:09,332 [Worker-116: Updating Maven Dependencies] INFO  o.e.m.c.i.l.LifecycleMappingFactory - Using org.maven.ide.eclipse.wtp.WarLifecycleMapping lifecycle mapping for MavenProject: br.com.pamcary:monitorTecnologiaApp:1.0 @ C:\Users\ronaldo\GPS-PAMCARY\Desenvolvimento\CODIGO_FONTE\monitorTecnologiaApp\pom.xml.
2019-08-08 13:25:17,924 [Worker-123: Building workspace] INFO  o.e.m.c.i.embedder.EclipseLogger - Using 'UTF-8' encoding to copy filtered resources.
2019-08-08 13:25:17,927 [Worker-123: Building workspace] INFO  o.e.m.c.i.embedder.EclipseLogger - Copying 1 resource
2019-08-08 13:25:17,997 [Worker-123: Building workspace] INFO  o.e.m.c.i.embedder.EclipseLogger - Copying 2 resources
2019-08-08 13:25:18,008 [Worker-123: Building workspace] INFO  o.e.m.c.i.embedder.EclipseLogger - Using 'UTF-8' encoding to copy filtered resources.
2019-08-08 13:25:18,009 [Worker-123: Building workspace] INFO  o.e.m.c.i.embedder.EclipseLogger - skip non existing resourceDirectory C:\Users\ronaldo\GPS-PAMCARY\Desenvolvimento\CODIGO_FONTE\monitorTecnologiaApp\src\test\resources
2019-08-08 13:25:21,597 [Worker-123: Building workspace] INFO  o.e.m.c.i.embedder.EclipseLogger - Configured Artifact: com.github.jsimone:webapp-runner:8.5.27.0:jar
2019-08-08 13:25:21,611 [Worker-123: Building workspace] INFO  o.e.m.c.i.embedder.EclipseLogger - com.github.jsimone:webapp-runner:8.5.27.0:jar already exists in C:\Users\ronaldo\GPS-PAMCARY\Desenvolvimento\CODIGO_FONTE\monitorTecnologiaApp\target\dependency
2019-08-08 13:32:04,432 [Worker-2: Loading available Gradle versions] INFO  o.e.b.c.i.u.g.PublishedGradleVersions - Gradle version information cache is out-of-date. Trying to update.
2019-08-12 16:35:05,477 [Worker-6: Loading available Gradle versions] INFO  o.e.b.c.i.u.g.PublishedGradleVersions - Gradle version information cache is out-of-date. Trying to update.
2019-08-12 16:35:07,793 [Worker-6: Loading available Gradle versions] INFO  o.e.b.c.i.u.g.PublishedGradleVersions - Updating Gradle version information cache failed. Using outdated cache.
2019-09-04 14:08:45,456 [Worker-2: Loading available Gradle versions] INFO  o.e.b.c.i.u.g.PublishedGradleVersions - Gradle version information cache is out-of-date. Trying to update.
2019-09-18 13:55:45,332 [Worker-1: Loading available Gradle versions] INFO  o.e.b.c.i.u.g.PublishedGradleVersions - Gradle version information cache is out-of-date. Trying to update.
